<?xml version="1.0" encoding="UTF-8"?>
<!-- Generated by org.testng.reporters.JUnitReportReporter -->
<testsuite hostname="LAPTOP-5J2ANKQN" failures="0" tests="1" name="postCall.PostCallValidations" time="5.071" errors="0" timestamp="2021-08-23T17:55:53 IST" skipped="0">
  <testcase classname="postCall.PostCallValidations" name="test_post" time="5.071"/>
  <system-out/>
</testsuite> <!-- postCall.PostCallValidations -->
