<?xml version="1.0" encoding="UTF-8"?>
<!-- Generated by org.testng.reporters.JUnitReportReporter -->
<testsuite hostname="LAPTOP-5J2ANKQN" failures="0" tests="1" name="getCall.GetCallValidations" time="1.868" errors="0" timestamp="2021-03-08T22:28:17 IST" skipped="0">
  <testcase classname="getCall.GetCallValidations" name="validateStatusCode" time="1.868"/>
  <system-out/>
</testsuite> <!-- getCall.GetCallValidations -->
